
2017-05-26 08:55:31 INFO  c.b.i.f.b.BlackDuckFortifyJobConfigTest:48 - Starting BlackDuckFortifyJobConfigTest on BDS00866.local with PID 51087 (started by blloyd in /Users/blloyd/git/hub-fortify-integration)
2017-05-26 08:55:31 INFO  c.b.i.f.b.BlackDuckFortifyJobConfigTest:637 - No active profile set, falling back to default profiles: default
2017-05-26 08:55:32 INFO  c.b.i.f.b.j.BlackDuckFortifyJobConfig:98 - Push Blackduck Scan data to Fortify Job
2017-05-26 08:55:32 INFO  c.b.i.f.b.j.BlackDuckFortifyJobConfig:113 - Parse the Mapping.json -> Transform to Mapping parser object
2017-05-26 08:55:32 INFO  c.b.i.f.b.j.BlackDuckFortifyJobConfig:131 - Job started at::Fri May 26 08:55:32 EDT 2017
2017-05-26 08:55:32 INFO  c.b.i.f.b.s.Initializer:61 - Started MappingParserTask
2017-05-26 08:55:32 INFO  c.b.i.f.b.u.MappingParser:95 - Querying fortify name:1.3+and+project.name:Logistics
2017-05-26 08:55:32 INFO  o.OkHttpClient:126 - --> GET http://10.1.0.51:8180/ssc/api/v1/projectVersions?fields=id&q=name:1.3%2Band%2Bproject.name:Logistics http/1.1
2017-05-26 08:55:39 INFO  o.OkHttpClient:126 - <-- 200 OK http://10.1.0.51:8180/ssc/api/v1/projectVersions?fields=id&q=name:1.3%2Band%2Bproject.name:Logistics (7095ms, unknown-length body)
2017-05-26 08:55:39 INFO  c.b.i.f.b.u.MappingParser:98 - Fortify Application Found :2
2017-05-26 08:55:39 INFO  c.b.i.f.b.u.MappingParser:95 - Querying fortify name:2.0+and+project.name:Hub-Fortify-Test1
2017-05-26 08:55:39 INFO  o.OkHttpClient:126 - --> GET http://10.1.0.51:8180/ssc/api/v1/projectVersions?fields=id&q=name:2.0%2Band%2Bproject.name:Hub-Fortify-Test1 http/1.1
2017-05-26 08:55:39 INFO  o.OkHttpClient:126 - <-- 200 OK http://10.1.0.51:8180/ssc/api/v1/projectVersions?fields=id&q=name:2.0%2Band%2Bproject.name:Hub-Fortify-Test1 (71ms, unknown-length body)
2017-05-26 08:55:39 INFO  c.b.i.f.b.u.MappingParser:98 - Fortify Application Found :20
2017-05-26 08:55:39 INFO  c.b.i.f.b.u.MappingParser:95 - Querying fortify name:1.0+and+project.name:Hub-Fortify-Test3
2017-05-26 08:55:39 INFO  o.OkHttpClient:126 - --> GET http://10.1.0.51:8180/ssc/api/v1/projectVersions?fields=id&q=name:1.0%2Band%2Bproject.name:Hub-Fortify-Test3 http/1.1
2017-05-26 08:55:39 INFO  o.OkHttpClient:126 - <-- 200 OK http://10.1.0.51:8180/ssc/api/v1/projectVersions?fields=id&q=name:1.0%2Band%2Bproject.name:Hub-Fortify-Test3 (75ms, unknown-length body)
2017-05-26 08:55:39 INFO  c.b.i.f.b.u.MappingParser:98 - Fortify Application Found :24
2017-05-26 08:55:39 INFO  c.b.i.f.b.s.Initializer:69 - blackDuckFortifyMappers :[BlackDuckFortifyMapper [hubProject=Hub-Fortify-Integration-Test1, hubProjectVersion=1.0, fortifyApplication=Logistics, fortifyApplicationVersion=1.3, fortifyApplicationId=2], BlackDuckFortifyMapper [hubProject=Hub-Fortify-Integration-Test2, hubProjectVersion=1.0, fortifyApplication=Hub-Fortify-Test1, fortifyApplicationVersion=2.0, fortifyApplicationId=20], BlackDuckFortifyMapper [hubProject=Hub-Fortify-Integration-Test3, hubProjectVersion=1.0, fortifyApplication=Hub-Fortify-Test3, fortifyApplicationVersion=1.0, fortifyApplicationId=24]]
2017-05-26 08:55:39 INFO  c.b.i.f.b.s.BlackDuckFortifyPushThread:110 - Mapping was successfully created
2017-05-26 08:55:39 INFO  c.b.i.f.b.s.BlackDuckFortifyPushThread:110 - Mapping was successfully created
2017-05-26 08:55:39 INFO  c.b.i.f.b.s.BlackDuckFortifyPushThread:110 - Mapping was successfully created
2017-05-26 08:55:39 INFO  c.b.i.f.b.s.BlackDuckFortifyPushThread:111 - blackDuckFortifyMapper::BlackDuckFortifyMapper [hubProject=Hub-Fortify-Integration-Test1, hubProjectVersion=1.0, fortifyApplication=Logistics, fortifyApplicationVersion=1.3, fortifyApplicationId=2]
2017-05-26 08:55:39 INFO  c.b.i.f.b.s.BlackDuckFortifyPushThread:111 - blackDuckFortifyMapper::BlackDuckFortifyMapper [hubProject=Hub-Fortify-Integration-Test2, hubProjectVersion=1.0, fortifyApplication=Hub-Fortify-Test1, fortifyApplicationVersion=2.0, fortifyApplicationId=20]
2017-05-26 08:55:39 INFO  c.b.i.f.b.s.BlackDuckFortifyPushThread:111 - blackDuckFortifyMapper::BlackDuckFortifyMapper [hubProject=Hub-Fortify-Integration-Test3, hubProjectVersion=1.0, fortifyApplication=Hub-Fortify-Test3, fortifyApplicationVersion=1.0, fortifyApplicationId=24]
2017-05-26 08:55:45 INFO  c.b.i.f.b.u.HubServices:75 - Getting Hub project and project version info for::Hub-Fortify-Integration-Test1, 1.0
2017-05-26 08:55:45 INFO  c.b.i.f.b.u.HubServices:75 - Getting Hub project and project version info for::Hub-Fortify-Integration-Test3, 1.0
2017-05-26 08:55:45 INFO  c.b.i.f.b.u.HubServices:112 - Getting Hub project info for::Hub-Fortify-Integration-Test3
2017-05-26 08:55:45 INFO  c.b.i.f.b.u.HubServices:75 - Getting Hub project and project version info for::Hub-Fortify-Integration-Test2, 1.0
2017-05-26 08:55:45 INFO  c.b.i.f.b.u.HubServices:112 - Getting Hub project info for::Hub-Fortify-Integration-Test1
2017-05-26 08:55:45 INFO  c.b.i.f.b.u.HubServices:112 - Getting Hub project info for::Hub-Fortify-Integration-Test2
2017-05-26 08:55:45 INFO  c.b.i.f.b.u.HubServices:126 - Getting Hub project version info for::1.0
2017-05-26 08:55:45 INFO  c.b.i.f.b.u.HubServices:126 - Getting Hub project version info for::1.0
2017-05-26 08:55:45 INFO  c.b.i.f.b.u.HubServices:126 - Getting Hub project version info for::1.0
2017-05-26 08:55:45 INFO  c.b.i.f.b.u.HubServices:199 - Getting Hub last BOM updated at
2017-05-26 08:55:45 INFO  c.b.i.f.b.u.HubServices:199 - Getting Hub last BOM updated at
2017-05-26 08:55:45 INFO  c.b.i.f.b.s.BlackDuckFortifyPushThread:124 - Last successful job excecution:Mon May 23 10:26:35 EDT 2016
2017-05-26 08:55:45 INFO  c.b.i.f.b.s.BlackDuckFortifyPushThread:126 - Compare Dates: true
2017-05-26 08:55:45 INFO  c.b.i.f.b.u.HubServices:155 - Getting Hub Vulnerability info
2017-05-26 08:55:45 INFO  c.b.i.f.b.s.BlackDuckFortifyPushThread:124 - Last successful job excecution:Mon May 23 10:26:35 EDT 2016
2017-05-26 08:55:45 INFO  c.b.i.f.b.s.BlackDuckFortifyPushThread:126 - Compare Dates: true
2017-05-26 08:55:45 INFO  c.b.i.f.b.u.HubServices:155 - Getting Hub Vulnerability info
2017-05-26 08:55:59 INFO  o.OkHttpClient:126 - --> POST http://10.1.0.51:8180/ssc/api/v1/fileTokens http/1.1 (26-byte body)
2017-05-26 08:55:59 INFO  o.OkHttpClient:126 - <-- 201 Created http://10.1.0.51:8180/ssc/api/v1/fileTokens (142ms, unknown-length body)
2017-05-26 08:55:59 INFO  c.b.i.f.b.s.BlackDuckFortifyPushThread:221 - Uploading Hub-Fortify-Integration-Test2_1.0_20170526085558822.csv to fortify
2017-05-26 08:55:59 INFO  o.OkHttpClient:126 - --> POST http://10.1.0.51:8180/ssc/upload/resultFileUpload.html?mat=ODdjM2MyYzUtZWJjMi00ZDIwLTgwYTItMjlkMjAwYTFiNzQw http/1.1 (531585-byte body)
2017-05-26 08:56:00 INFO  o.OkHttpClient:126 - <-- 200 OK http://10.1.0.51:8180/ssc/upload/resultFileUpload.html?mat=ODdjM2MyYzUtZWJjMi00ZDIwLTgwYTItMjlkMjAwYTFiNzQw (1126ms, unknown-length body)
2017-05-26 08:56:00 INFO  c.b.i.f.b.s.BlackDuckFortifyPushThread:223 - uploadVulnerabilityResponseBody:: JobStatusResponse [code=-10001, message=Background submission succeeded., id=JOB_ARTIFACTUPLOAD$699af6c4-f40d-4b4f-9b56-3ea1896bb003, invokingUserName=admin, jobType=10, jobState=0]
2017-05-26 08:56:00 INFO  c.b.i.f.b.s.BlackDuckFortifyPushThread:229 - File uploaded successfully
2017-05-26 08:56:00 INFO  o.OkHttpClient:126 - --> DELETE http://10.1.0.51:8180/ssc/api/v1/fileTokens http/1.1
2017-05-26 08:56:00 INFO  o.OkHttpClient:126 - <-- 200 OK http://10.1.0.51:8180/ssc/api/v1/fileTokens (68ms, unknown-length body)
2017-05-26 08:56:07 INFO  o.OkHttpClient:126 - --> POST http://10.1.0.51:8180/ssc/api/v1/fileTokens http/1.1 (26-byte body)
2017-05-26 08:56:08 INFO  o.OkHttpClient:126 - <-- 201 Created http://10.1.0.51:8180/ssc/api/v1/fileTokens (114ms, unknown-length body)
2017-05-26 08:56:08 INFO  c.b.i.f.b.s.BlackDuckFortifyPushThread:221 - Uploading Hub-Fortify-Integration-Test1_1.0_20170526085607875.csv to fortify
2017-05-26 08:56:08 INFO  o.OkHttpClient:126 - --> POST http://10.1.0.51:8180/ssc/upload/resultFileUpload.html?mat=NTEzZGEyY2EtZWNlNS00NGVhLWEyOTYtOGMxODAzNmVjODgy http/1.1 (229695-byte body)
2017-05-26 08:56:08 INFO  o.OkHttpClient:126 - <-- 200 OK http://10.1.0.51:8180/ssc/upload/resultFileUpload.html?mat=NTEzZGEyY2EtZWNlNS00NGVhLWEyOTYtOGMxODAzNmVjODgy (448ms, unknown-length body)
2017-05-26 08:56:08 INFO  c.b.i.f.b.s.BlackDuckFortifyPushThread:223 - uploadVulnerabilityResponseBody:: JobStatusResponse [code=-10001, message=Background submission succeeded., id=JOB_ARTIFACTUPLOAD$bbca9b5e-4b90-41c5-86d6-c625fae8a0f5, invokingUserName=admin, jobType=10, jobState=0]
2017-05-26 08:56:08 INFO  c.b.i.f.b.s.BlackDuckFortifyPushThread:229 - File uploaded successfully
2017-05-26 08:56:08 INFO  o.OkHttpClient:126 - --> DELETE http://10.1.0.51:8180/ssc/api/v1/fileTokens http/1.1
2017-05-26 08:56:08 INFO  o.OkHttpClient:126 - <-- 200 OK http://10.1.0.51:8180/ssc/api/v1/fileTokens (62ms, unknown-length body)
2017-05-26 08:56:08 ERROR o.s.b.c.s.AbstractStep:229 - Encountered an error executing step Parse the Mapping.json -> Transform to Mapping parser object in job Push Blackduck Scan data to Fortify Job
java.util.concurrent.ExecutionException: java.lang.RuntimeException: Could not find the version: 1.0 for project: Hub-Fortify-Integration-Test3
	at java.util.concurrent.FutureTask.report(FutureTask.java:122)
	at java.util.concurrent.FutureTask.get(FutureTask.java:192)
	at com.blackducksoftware.integration.fortify.batch.step.Initializer.execute(Initializer.java:78)
	at org.springframework.batch.core.step.tasklet.TaskletStep$ChunkTransactionCallback.doInTransaction(TaskletStep.java:406)
	at org.springframework.batch.core.step.tasklet.TaskletStep$ChunkTransactionCallback.doInTransaction(TaskletStep.java:330)
	at org.springframework.transaction.support.TransactionTemplate.execute(TransactionTemplate.java:133)
	at org.springframework.batch.core.step.tasklet.TaskletStep$2.doInChunkContext(TaskletStep.java:271)
	at org.springframework.batch.core.scope.context.StepContextRepeatCallback.doInIteration(StepContextRepeatCallback.java:81)
	at org.springframework.batch.repeat.support.RepeatTemplate.getNextResult(RepeatTemplate.java:374)
	at org.springframework.batch.repeat.support.RepeatTemplate.executeInternal(RepeatTemplate.java:215)
	at org.springframework.batch.repeat.support.RepeatTemplate.iterate(RepeatTemplate.java:144)
	at org.springframework.batch.core.step.tasklet.TaskletStep.doExecute(TaskletStep.java:257)
	at org.springframework.batch.core.step.AbstractStep.execute(AbstractStep.java:200)
	at org.springframework.batch.core.job.SimpleStepHandler.handleStep(SimpleStepHandler.java:148)
	at org.springframework.batch.core.job.flow.JobFlowExecutor.executeStep(JobFlowExecutor.java:64)
	at org.springframework.batch.core.job.flow.support.state.StepState.handle(StepState.java:67)
	at org.springframework.batch.core.job.flow.support.SimpleFlow.resume(SimpleFlow.java:169)
	at org.springframework.batch.core.job.flow.support.SimpleFlow.start(SimpleFlow.java:144)
	at org.springframework.batch.core.job.flow.FlowJob.doExecute(FlowJob.java:134)
	at org.springframework.batch.core.job.AbstractJob.execute(AbstractJob.java:306)
	at org.springframework.batch.core.launch.support.SimpleJobLauncher$1.run(SimpleJobLauncher.java:135)
	at org.springframework.core.task.SyncTaskExecutor.execute(SyncTaskExecutor.java:50)
	at org.springframework.batch.core.launch.support.SimpleJobLauncher.run(SimpleJobLauncher.java:128)
	at sun.reflect.NativeMethodAccessorImpl.invoke0(Native Method)
	at sun.reflect.NativeMethodAccessorImpl.invoke(NativeMethodAccessorImpl.java:62)
	at sun.reflect.DelegatingMethodAccessorImpl.invoke(DelegatingMethodAccessorImpl.java:43)
	at java.lang.reflect.Method.invoke(Method.java:497)
	at org.springframework.aop.support.AopUtils.invokeJoinpointUsingReflection(AopUtils.java:333)
	at org.springframework.aop.framework.ReflectiveMethodInvocation.invokeJoinpoint(ReflectiveMethodInvocation.java:190)
	at org.springframework.aop.framework.ReflectiveMethodInvocation.proceed(ReflectiveMethodInvocation.java:157)
	at org.springframework.batch.core.configuration.annotation.SimpleBatchConfiguration$PassthruAdvice.invoke(SimpleBatchConfiguration.java:127)
	at org.springframework.aop.framework.ReflectiveMethodInvocation.proceed(ReflectiveMethodInvocation.java:179)
	at org.springframework.aop.framework.JdkDynamicAopProxy.invoke(JdkDynamicAopProxy.java:213)
	at com.sun.proxy.$Proxy61.run(Unknown Source)
	at org.springframework.boot.autoconfigure.batch.JobLauncherCommandLineRunner.execute(JobLauncherCommandLineRunner.java:214)
	at org.springframework.boot.autoconfigure.batch.JobLauncherCommandLineRunner.executeLocalJobs(JobLauncherCommandLineRunner.java:231)
	at org.springframework.boot.autoconfigure.batch.JobLauncherCommandLineRunner.launchJobFromProperties(JobLauncherCommandLineRunner.java:123)
	at org.springframework.boot.autoconfigure.batch.JobLauncherCommandLineRunner.run(JobLauncherCommandLineRunner.java:117)
	at org.springframework.boot.SpringApplication.callRunner(SpringApplication.java:776)
	at org.springframework.boot.SpringApplication.callRunners(SpringApplication.java:760)
	at org.springframework.boot.SpringApplication.afterRefresh(SpringApplication.java:747)
	at org.springframework.boot.SpringApplication.run(SpringApplication.java:315)
	at org.springframework.boot.test.context.SpringBootContextLoader.loadContext(SpringBootContextLoader.java:120)
	at org.springframework.test.context.cache.DefaultCacheAwareContextLoaderDelegate.loadContextInternal(DefaultCacheAwareContextLoaderDelegate.java:98)
	at org.springframework.test.context.cache.DefaultCacheAwareContextLoaderDelegate.loadContext(DefaultCacheAwareContextLoaderDelegate.java:116)
	at org.springframework.test.context.support.DefaultTestContext.getApplicationContext(DefaultTestContext.java:83)
	at org.springframework.test.context.support.DependencyInjectionTestExecutionListener.injectDependencies(DependencyInjectionTestExecutionListener.java:117)
	at org.springframework.test.context.support.DependencyInjectionTestExecutionListener.prepareTestInstance(DependencyInjectionTestExecutionListener.java:83)
	at org.springframework.boot.test.autoconfigure.SpringBootDependencyInjectionTestExecutionListener.prepareTestInstance(SpringBootDependencyInjectionTestExecutionListener.java:44)
	at org.springframework.test.context.TestContextManager.prepareTestInstance(TestContextManager.java:230)
	at org.springframework.test.context.junit4.SpringJUnit4ClassRunner.createTest(SpringJUnit4ClassRunner.java:228)
	at org.springframework.test.context.junit4.SpringJUnit4ClassRunner$1.runReflectiveCall(SpringJUnit4ClassRunner.java:287)
	at org.junit.internal.runners.model.ReflectiveCallable.run(ReflectiveCallable.java:12)
	at org.springframework.test.context.junit4.SpringJUnit4ClassRunner.methodBlock(SpringJUnit4ClassRunner.java:289)
	at org.springframework.test.context.junit4.SpringJUnit4ClassRunner.runChild(SpringJUnit4ClassRunner.java:247)
	at org.springframework.test.context.junit4.SpringJUnit4ClassRunner.runChild(SpringJUnit4ClassRunner.java:94)
	at org.junit.runners.ParentRunner$3.run(ParentRunner.java:290)
	at org.junit.runners.ParentRunner$1.schedule(ParentRunner.java:71)
	at org.junit.runners.ParentRunner.runChildren(ParentRunner.java:288)
	at org.junit.runners.ParentRunner.access$000(ParentRunner.java:58)
	at org.junit.runners.ParentRunner$2.evaluate(ParentRunner.java:268)
	at org.springframework.test.context.junit4.statements.RunBeforeTestClassCallbacks.evaluate(RunBeforeTestClassCallbacks.java:61)
	at org.springframework.test.context.junit4.statements.RunAfterTestClassCallbacks.evaluate(RunAfterTestClassCallbacks.java:70)
	at org.junit.runners.ParentRunner.run(ParentRunner.java:363)
	at org.springframework.test.context.junit4.SpringJUnit4ClassRunner.run(SpringJUnit4ClassRunner.java:191)
	at org.gradle.api.internal.tasks.testing.junit.JUnitTestClassExecuter.runTestClass(JUnitTestClassExecuter.java:114)
	at org.gradle.api.internal.tasks.testing.junit.JUnitTestClassExecuter.execute(JUnitTestClassExecuter.java:57)
	at org.gradle.api.internal.tasks.testing.junit.JUnitTestClassProcessor.processTestClass(JUnitTestClassProcessor.java:66)
	at org.gradle.api.internal.tasks.testing.SuiteTestClassProcessor.processTestClass(SuiteTestClassProcessor.java:51)
	at sun.reflect.NativeMethodAccessorImpl.invoke0(Native Method)
	at sun.reflect.NativeMethodAccessorImpl.invoke(NativeMethodAccessorImpl.java:62)
	at sun.reflect.DelegatingMethodAccessorImpl.invoke(DelegatingMethodAccessorImpl.java:43)
	at java.lang.reflect.Method.invoke(Method.java:497)
	at org.gradle.internal.dispatch.ReflectionDispatch.dispatch(ReflectionDispatch.java:35)
	at org.gradle.internal.dispatch.ReflectionDispatch.dispatch(ReflectionDispatch.java:24)
	at org.gradle.internal.dispatch.ContextClassLoaderDispatch.dispatch(ContextClassLoaderDispatch.java:32)
	at org.gradle.internal.dispatch.ProxyDispatchAdapter$DispatchingInvocationHandler.invoke(ProxyDispatchAdapter.java:93)
	at com.sun.proxy.$Proxy2.processTestClass(Unknown Source)
	at org.gradle.api.internal.tasks.testing.worker.TestWorker.processTestClass(TestWorker.java:109)
	at sun.reflect.NativeMethodAccessorImpl.invoke0(Native Method)
	at sun.reflect.NativeMethodAccessorImpl.invoke(NativeMethodAccessorImpl.java:62)
	at sun.reflect.DelegatingMethodAccessorImpl.invoke(DelegatingMethodAccessorImpl.java:43)
	at java.lang.reflect.Method.invoke(Method.java:497)
	at org.gradle.internal.dispatch.ReflectionDispatch.dispatch(ReflectionDispatch.java:35)
	at org.gradle.internal.dispatch.ReflectionDispatch.dispatch(ReflectionDispatch.java:24)
	at org.gradle.internal.remote.internal.hub.MessageHub$Handler.run(MessageHub.java:377)
	at org.gradle.internal.concurrent.ExecutorPolicy$CatchAndRecordFailures.onExecute(ExecutorPolicy.java:54)
	at org.gradle.internal.concurrent.StoppableExecutorImpl$1.run(StoppableExecutorImpl.java:40)
	at java.util.concurrent.ThreadPoolExecutor.runWorker(ThreadPoolExecutor.java:1142)
	at java.util.concurrent.ThreadPoolExecutor$Worker.run(ThreadPoolExecutor.java:617)
	at java.lang.Thread.run(Thread.java:745)
Caused by: java.lang.RuntimeException: Could not find the version: 1.0 for project: Hub-Fortify-Integration-Test3
	at com.blackducksoftware.integration.fortify.batch.step.BlackDuckFortifyPushThread.run(BlackDuckFortifyPushThread.java:157)
	at java.util.concurrent.Executors$RunnableAdapter.call(Executors.java:511)
	at java.util.concurrent.FutureTask.run(FutureTask.java:266)
	... 3 common frames omitted
Caused by: com.blackducksoftware.integration.hub.exception.DoesNotExistException: Could not find the version: 1.0 for project: Hub-Fortify-Integration-Test3
	at com.blackducksoftware.integration.hub.api.project.version.ProjectVersionRequestService.getProjectVersion(ProjectVersionRequestService.java:67)
	at com.blackducksoftware.integration.fortify.batch.util.HubServices.getProjectVersion(HubServices.java:129)
	at com.blackducksoftware.integration.fortify.batch.util.HubServices.getProjectVersion(HubServices.java:77)
	at com.blackducksoftware.integration.fortify.batch.step.BlackDuckFortifyPushThread.run(BlackDuckFortifyPushThread.java:117)
	... 5 common frames omitted
2017-05-26 08:56:08 INFO  c.b.i.f.b.j.BlackDuckFortifyJobConfig:123 - Job completed at::Fri May 26 08:56:08 EDT 2017
2017-05-26 08:56:08 INFO  c.b.i.f.b.BlackDuckFortifyJobConfigTest:57 - Started BlackDuckFortifyJobConfigTest in 47.192 seconds (JVM running for 47.763)
2017-05-26 08:56:08 INFO  c.b.i.f.b.j.BlackDuckFortifyJobConfig:131 - Job started at::Fri May 26 08:56:08 EDT 2017
2017-05-26 08:56:08 INFO  c.b.i.f.b.s.Initializer:61 - Started MappingParserTask
2017-05-26 08:56:08 INFO  c.b.i.f.b.u.MappingParser:95 - Querying fortify name:1.3+and+project.name:Logistics
2017-05-26 08:56:08 INFO  o.OkHttpClient:126 - --> GET http://10.1.0.51:8180/ssc/api/v1/projectVersions?fields=id&q=name:1.3%2Band%2Bproject.name:Logistics http/1.1
2017-05-26 08:56:09 INFO  o.OkHttpClient:126 - <-- 200 OK http://10.1.0.51:8180/ssc/api/v1/projectVersions?fields=id&q=name:1.3%2Band%2Bproject.name:Logistics (738ms, unknown-length body)
2017-05-26 08:56:09 INFO  c.b.i.f.b.u.MappingParser:98 - Fortify Application Found :2
2017-05-26 08:56:09 INFO  c.b.i.f.b.u.MappingParser:95 - Querying fortify name:2.0+and+project.name:Hub-Fortify-Test1
2017-05-26 08:56:09 INFO  o.OkHttpClient:126 - --> GET http://10.1.0.51:8180/ssc/api/v1/projectVersions?fields=id&q=name:2.0%2Band%2Bproject.name:Hub-Fortify-Test1 http/1.1
2017-05-26 08:56:09 INFO  o.OkHttpClient:126 - <-- 200 OK http://10.1.0.51:8180/ssc/api/v1/projectVersions?fields=id&q=name:2.0%2Band%2Bproject.name:Hub-Fortify-Test1 (71ms, unknown-length body)
2017-05-26 08:56:09 INFO  c.b.i.f.b.u.MappingParser:98 - Fortify Application Found :20
2017-05-26 08:56:09 INFO  c.b.i.f.b.u.MappingParser:95 - Querying fortify name:1.0+and+project.name:Hub-Fortify-Test3
2017-05-26 08:56:09 INFO  o.OkHttpClient:126 - --> GET http://10.1.0.51:8180/ssc/api/v1/projectVersions?fields=id&q=name:1.0%2Band%2Bproject.name:Hub-Fortify-Test3 http/1.1
2017-05-26 08:56:09 INFO  o.OkHttpClient:126 - <-- 200 OK http://10.1.0.51:8180/ssc/api/v1/projectVersions?fields=id&q=name:1.0%2Band%2Bproject.name:Hub-Fortify-Test3 (87ms, unknown-length body)
2017-05-26 08:56:09 INFO  c.b.i.f.b.u.MappingParser:98 - Fortify Application Found :24
2017-05-26 08:56:09 INFO  c.b.i.f.b.s.Initializer:69 - blackDuckFortifyMappers :[BlackDuckFortifyMapper [hubProject=Hub-Fortify-Integration-Test1, hubProjectVersion=1.0, fortifyApplication=Logistics, fortifyApplicationVersion=1.3, fortifyApplicationId=2], BlackDuckFortifyMapper [hubProject=Hub-Fortify-Integration-Test2, hubProjectVersion=1.0, fortifyApplication=Hub-Fortify-Test1, fortifyApplicationVersion=2.0, fortifyApplicationId=20], BlackDuckFortifyMapper [hubProject=Hub-Fortify-Integration-Test3, hubProjectVersion=1.0, fortifyApplication=Hub-Fortify-Test3, fortifyApplicationVersion=1.0, fortifyApplicationId=24]]
2017-05-26 08:56:09 INFO  c.b.i.f.b.s.BlackDuckFortifyPushThread:110 - Mapping was successfully created
2017-05-26 08:56:09 INFO  c.b.i.f.b.s.BlackDuckFortifyPushThread:110 - Mapping was successfully created
2017-05-26 08:56:09 INFO  c.b.i.f.b.s.BlackDuckFortifyPushThread:111 - blackDuckFortifyMapper::BlackDuckFortifyMapper [hubProject=Hub-Fortify-Integration-Test1, hubProjectVersion=1.0, fortifyApplication=Logistics, fortifyApplicationVersion=1.3, fortifyApplicationId=2]
2017-05-26 08:56:09 INFO  c.b.i.f.b.s.BlackDuckFortifyPushThread:110 - Mapping was successfully created
2017-05-26 08:56:09 INFO  c.b.i.f.b.s.BlackDuckFortifyPushThread:111 - blackDuckFortifyMapper::BlackDuckFortifyMapper [hubProject=Hub-Fortify-Integration-Test2, hubProjectVersion=1.0, fortifyApplication=Hub-Fortify-Test1, fortifyApplicationVersion=2.0, fortifyApplicationId=20]
2017-05-26 08:56:09 INFO  c.b.i.f.b.u.HubServices:75 - Getting Hub project and project version info for::Hub-Fortify-Integration-Test1, 1.0
2017-05-26 08:56:09 INFO  c.b.i.f.b.s.BlackDuckFortifyPushThread:111 - blackDuckFortifyMapper::BlackDuckFortifyMapper [hubProject=Hub-Fortify-Integration-Test3, hubProjectVersion=1.0, fortifyApplication=Hub-Fortify-Test3, fortifyApplicationVersion=1.0, fortifyApplicationId=24]
2017-05-26 08:56:09 INFO  c.b.i.f.b.u.HubServices:75 - Getting Hub project and project version info for::Hub-Fortify-Integration-Test2, 1.0
2017-05-26 08:56:09 INFO  c.b.i.f.b.u.HubServices:112 - Getting Hub project info for::Hub-Fortify-Integration-Test1
2017-05-26 08:56:09 INFO  c.b.i.f.b.u.HubServices:75 - Getting Hub project and project version info for::Hub-Fortify-Integration-Test3, 1.0
2017-05-26 08:56:09 INFO  c.b.i.f.b.u.HubServices:112 - Getting Hub project info for::Hub-Fortify-Integration-Test2
2017-05-26 08:56:09 INFO  c.b.i.f.b.u.HubServices:112 - Getting Hub project info for::Hub-Fortify-Integration-Test3
2017-05-26 08:56:09 INFO  c.b.i.f.b.u.HubServices:126 - Getting Hub project version info for::1.0
2017-05-26 08:56:09 INFO  c.b.i.f.b.u.HubServices:126 - Getting Hub project version info for::1.0
2017-05-26 08:56:09 INFO  c.b.i.f.b.u.HubServices:126 - Getting Hub project version info for::1.0
2017-05-26 08:56:09 INFO  c.b.i.f.b.u.HubServices:199 - Getting Hub last BOM updated at
2017-05-26 08:56:09 INFO  c.b.i.f.b.u.HubServices:199 - Getting Hub last BOM updated at
2017-05-26 08:56:09 INFO  c.b.i.f.b.s.BlackDuckFortifyPushThread:124 - Last successful job excecution:Mon May 23 10:26:35 EDT 2016
2017-05-26 08:56:09 INFO  c.b.i.f.b.s.BlackDuckFortifyPushThread:126 - Compare Dates: true
2017-05-26 08:56:09 INFO  c.b.i.f.b.u.HubServices:155 - Getting Hub Vulnerability info
2017-05-26 08:56:09 INFO  c.b.i.f.b.s.BlackDuckFortifyPushThread:124 - Last successful job excecution:Mon May 23 10:26:35 EDT 2016
2017-05-26 08:56:09 INFO  c.b.i.f.b.s.BlackDuckFortifyPushThread:126 - Compare Dates: true
2017-05-26 08:56:09 INFO  c.b.i.f.b.u.HubServices:155 - Getting Hub Vulnerability info
2017-05-26 08:56:10 INFO  o.OkHttpClient:126 - --> POST http://10.1.0.51:8180/ssc/api/v1/fileTokens http/1.1 (26-byte body)
2017-05-26 08:56:10 INFO  o.OkHttpClient:126 - <-- 201 Created http://10.1.0.51:8180/ssc/api/v1/fileTokens (104ms, unknown-length body)
2017-05-26 08:56:10 INFO  c.b.i.f.b.s.BlackDuckFortifyPushThread:221 - Uploading Hub-Fortify-Integration-Test1_1.0_20170526085609995.csv to fortify
2017-05-26 08:56:10 INFO  o.OkHttpClient:126 - --> POST http://10.1.0.51:8180/ssc/upload/resultFileUpload.html?mat=ODY2YTE4Y2MtZGUxYS00MTdmLThjMmEtNmRjZmViNDViMWE5 http/1.1 (229695-byte body)
2017-05-26 08:56:10 INFO  o.OkHttpClient:126 - --> POST http://10.1.0.51:8180/ssc/api/v1/fileTokens http/1.1 (26-byte body)
2017-05-26 08:56:10 INFO  o.OkHttpClient:126 - <-- 201 Created http://10.1.0.51:8180/ssc/api/v1/fileTokens (133ms, unknown-length body)
2017-05-26 08:56:10 INFO  c.b.i.f.b.s.BlackDuckFortifyPushThread:221 - Uploading Hub-Fortify-Integration-Test2_1.0_20170526085610680.csv to fortify
2017-05-26 08:56:10 INFO  o.OkHttpClient:126 - --> POST http://10.1.0.51:8180/ssc/upload/resultFileUpload.html?mat=YzBlOGU3M2EtMjRmZi00MzkwLTljM2ItODNiMWVlMWYxYmYy http/1.1 (531585-byte body)
2017-05-26 08:56:10 INFO  o.OkHttpClient:126 - <-- 200 OK http://10.1.0.51:8180/ssc/upload/resultFileUpload.html?mat=ODY2YTE4Y2MtZGUxYS00MTdmLThjMmEtNmRjZmViNDViMWE5 (753ms, unknown-length body)
2017-05-26 08:56:10 INFO  c.b.i.f.b.s.BlackDuckFortifyPushThread:223 - uploadVulnerabilityResponseBody:: JobStatusResponse [code=-10001, message=Background submission succeeded., id=JOB_ARTIFACTUPLOAD$320aefa9-0b7e-4ac0-9e7f-472348a1829b, invokingUserName=admin, jobType=10, jobState=0]
2017-05-26 08:56:10 INFO  c.b.i.f.b.s.BlackDuckFortifyPushThread:229 - File uploaded successfully
2017-05-26 08:56:10 INFO  o.OkHttpClient:126 - --> DELETE http://10.1.0.51:8180/ssc/api/v1/fileTokens http/1.1
2017-05-26 08:56:10 INFO  o.OkHttpClient:126 - <-- 200 OK http://10.1.0.51:8180/ssc/api/v1/fileTokens (65ms, unknown-length body)
2017-05-26 08:56:11 INFO  o.OkHttpClient:126 - <-- 200 OK http://10.1.0.51:8180/ssc/upload/resultFileUpload.html?mat=YzBlOGU3M2EtMjRmZi00MzkwLTljM2ItODNiMWVlMWYxYmYy (1062ms, unknown-length body)
2017-05-26 08:56:11 INFO  c.b.i.f.b.s.BlackDuckFortifyPushThread:223 - uploadVulnerabilityResponseBody:: JobStatusResponse [code=-10001, message=Background submission succeeded., id=JOB_ARTIFACTUPLOAD$dfc7419e-63ee-4809-a7f1-102a9f129a94, invokingUserName=admin, jobType=10, jobState=0]
2017-05-26 08:56:11 INFO  c.b.i.f.b.s.BlackDuckFortifyPushThread:229 - File uploaded successfully
2017-05-26 08:56:11 INFO  o.OkHttpClient:126 - --> DELETE http://10.1.0.51:8180/ssc/api/v1/fileTokens http/1.1
2017-05-26 08:56:11 INFO  o.OkHttpClient:126 - <-- 200 OK http://10.1.0.51:8180/ssc/api/v1/fileTokens (59ms, unknown-length body)
2017-05-26 08:56:11 ERROR o.s.b.c.s.AbstractStep:229 - Encountered an error executing step Parse the Mapping.json -> Transform to Mapping parser object in job Push Blackduck Scan data to Fortify Job
java.util.concurrent.ExecutionException: java.lang.RuntimeException: Could not find the version: 1.0 for project: Hub-Fortify-Integration-Test3
	at java.util.concurrent.FutureTask.report(FutureTask.java:122)
	at java.util.concurrent.FutureTask.get(FutureTask.java:192)
	at com.blackducksoftware.integration.fortify.batch.step.Initializer.execute(Initializer.java:78)
	at org.springframework.batch.core.step.tasklet.TaskletStep$ChunkTransactionCallback.doInTransaction(TaskletStep.java:406)
	at org.springframework.batch.core.step.tasklet.TaskletStep$ChunkTransactionCallback.doInTransaction(TaskletStep.java:330)
	at org.springframework.transaction.support.TransactionTemplate.execute(TransactionTemplate.java:133)
	at org.springframework.batch.core.step.tasklet.TaskletStep$2.doInChunkContext(TaskletStep.java:271)
	at org.springframework.batch.core.scope.context.StepContextRepeatCallback.doInIteration(StepContextRepeatCallback.java:81)
	at org.springframework.batch.repeat.support.RepeatTemplate.getNextResult(RepeatTemplate.java:374)
	at org.springframework.batch.repeat.support.RepeatTemplate.executeInternal(RepeatTemplate.java:215)
	at org.springframework.batch.repeat.support.RepeatTemplate.iterate(RepeatTemplate.java:144)
	at org.springframework.batch.core.step.tasklet.TaskletStep.doExecute(TaskletStep.java:257)
	at org.springframework.batch.core.step.AbstractStep.execute(AbstractStep.java:200)
	at org.springframework.batch.core.job.SimpleStepHandler.handleStep(SimpleStepHandler.java:148)
	at org.springframework.batch.core.job.flow.JobFlowExecutor.executeStep(JobFlowExecutor.java:64)
	at org.springframework.batch.core.job.flow.support.state.StepState.handle(StepState.java:67)
	at org.springframework.batch.core.job.flow.support.SimpleFlow.resume(SimpleFlow.java:169)
	at org.springframework.batch.core.job.flow.support.SimpleFlow.start(SimpleFlow.java:144)
	at org.springframework.batch.core.job.flow.FlowJob.doExecute(FlowJob.java:134)
	at org.springframework.batch.core.job.AbstractJob.execute(AbstractJob.java:306)
	at org.springframework.batch.core.launch.support.SimpleJobLauncher$1.run(SimpleJobLauncher.java:135)
	at org.springframework.core.task.SyncTaskExecutor.execute(SyncTaskExecutor.java:50)
	at org.springframework.batch.core.launch.support.SimpleJobLauncher.run(SimpleJobLauncher.java:128)
	at sun.reflect.NativeMethodAccessorImpl.invoke0(Native Method)
	at sun.reflect.NativeMethodAccessorImpl.invoke(NativeMethodAccessorImpl.java:62)
	at sun.reflect.DelegatingMethodAccessorImpl.invoke(DelegatingMethodAccessorImpl.java:43)
	at java.lang.reflect.Method.invoke(Method.java:497)
	at org.springframework.aop.support.AopUtils.invokeJoinpointUsingReflection(AopUtils.java:333)
	at org.springframework.aop.framework.ReflectiveMethodInvocation.invokeJoinpoint(ReflectiveMethodInvocation.java:190)
	at org.springframework.aop.framework.ReflectiveMethodInvocation.proceed(ReflectiveMethodInvocation.java:157)
	at org.springframework.batch.core.configuration.annotation.SimpleBatchConfiguration$PassthruAdvice.invoke(SimpleBatchConfiguration.java:127)
	at org.springframework.aop.framework.ReflectiveMethodInvocation.proceed(ReflectiveMethodInvocation.java:179)
	at org.springframework.aop.framework.JdkDynamicAopProxy.invoke(JdkDynamicAopProxy.java:213)
	at com.sun.proxy.$Proxy61.run(Unknown Source)
	at com.blackducksoftware.integration.fortify.batch.job.BlackDuckFortifyJobConfig.execute(BlackDuckFortifyJobConfig.java:88)
	at com.blackducksoftware.integration.fortify.batch.BlackDuckFortifyJobConfigTest.executeBatchJob(BlackDuckFortifyJobConfigTest.java:23)
	at sun.reflect.NativeMethodAccessorImpl.invoke0(Native Method)
	at sun.reflect.NativeMethodAccessorImpl.invoke(NativeMethodAccessorImpl.java:62)
	at sun.reflect.DelegatingMethodAccessorImpl.invoke(DelegatingMethodAccessorImpl.java:43)
	at java.lang.reflect.Method.invoke(Method.java:497)
	at org.junit.runners.model.FrameworkMethod$1.runReflectiveCall(FrameworkMethod.java:50)
	at org.junit.internal.runners.model.ReflectiveCallable.run(ReflectiveCallable.java:12)
	at org.junit.runners.model.FrameworkMethod.invokeExplosively(FrameworkMethod.java:47)
	at org.junit.internal.runners.statements.InvokeMethod.evaluate(InvokeMethod.java:17)
	at org.springframework.test.context.junit4.statements.RunBeforeTestMethodCallbacks.evaluate(RunBeforeTestMethodCallbacks.java:75)
	at org.springframework.test.context.junit4.statements.RunAfterTestMethodCallbacks.evaluate(RunAfterTestMethodCallbacks.java:86)
	at org.springframework.test.context.junit4.statements.SpringRepeat.evaluate(SpringRepeat.java:84)
	at org.junit.runners.ParentRunner.runLeaf(ParentRunner.java:325)
	at org.springframework.test.context.junit4.SpringJUnit4ClassRunner.runChild(SpringJUnit4ClassRunner.java:252)
	at org.springframework.test.context.junit4.SpringJUnit4ClassRunner.runChild(SpringJUnit4ClassRunner.java:94)
	at org.junit.runners.ParentRunner$3.run(ParentRunner.java:290)
	at org.junit.runners.ParentRunner$1.schedule(ParentRunner.java:71)
	at org.junit.runners.ParentRunner.runChildren(ParentRunner.java:288)
	at org.junit.runners.ParentRunner.access$000(ParentRunner.java:58)
	at org.junit.runners.ParentRunner$2.evaluate(ParentRunner.java:268)
	at org.springframework.test.context.junit4.statements.RunBeforeTestClassCallbacks.evaluate(RunBeforeTestClassCallbacks.java:61)
	at org.springframework.test.context.junit4.statements.RunAfterTestClassCallbacks.evaluate(RunAfterTestClassCallbacks.java:70)
	at org.junit.runners.ParentRunner.run(ParentRunner.java:363)
	at org.springframework.test.context.junit4.SpringJUnit4ClassRunner.run(SpringJUnit4ClassRunner.java:191)
	at org.gradle.api.internal.tasks.testing.junit.JUnitTestClassExecuter.runTestClass(JUnitTestClassExecuter.java:114)
	at org.gradle.api.internal.tasks.testing.junit.JUnitTestClassExecuter.execute(JUnitTestClassExecuter.java:57)
	at org.gradle.api.internal.tasks.testing.junit.JUnitTestClassProcessor.processTestClass(JUnitTestClassProcessor.java:66)
	at org.gradle.api.internal.tasks.testing.SuiteTestClassProcessor.processTestClass(SuiteTestClassProcessor.java:51)
	at sun.reflect.NativeMethodAccessorImpl.invoke0(Native Method)
	at sun.reflect.NativeMethodAccessorImpl.invoke(NativeMethodAccessorImpl.java:62)
	at sun.reflect.DelegatingMethodAccessorImpl.invoke(DelegatingMethodAccessorImpl.java:43)
	at java.lang.reflect.Method.invoke(Method.java:497)
	at org.gradle.internal.dispatch.ReflectionDispatch.dispatch(ReflectionDispatch.java:35)
	at org.gradle.internal.dispatch.ReflectionDispatch.dispatch(ReflectionDispatch.java:24)
	at org.gradle.internal.dispatch.ContextClassLoaderDispatch.dispatch(ContextClassLoaderDispatch.java:32)
	at org.gradle.internal.dispatch.ProxyDispatchAdapter$DispatchingInvocationHandler.invoke(ProxyDispatchAdapter.java:93)
	at com.sun.proxy.$Proxy2.processTestClass(Unknown Source)
	at org.gradle.api.internal.tasks.testing.worker.TestWorker.processTestClass(TestWorker.java:109)
	at sun.reflect.NativeMethodAccessorImpl.invoke0(Native Method)
	at sun.reflect.NativeMethodAccessorImpl.invoke(NativeMethodAccessorImpl.java:62)
	at sun.reflect.DelegatingMethodAccessorImpl.invoke(DelegatingMethodAccessorImpl.java:43)
	at java.lang.reflect.Method.invoke(Method.java:497)
	at org.gradle.internal.dispatch.ReflectionDispatch.dispatch(ReflectionDispatch.java:35)
	at org.gradle.internal.dispatch.ReflectionDispatch.dispatch(ReflectionDispatch.java:24)
	at org.gradle.internal.remote.internal.hub.MessageHub$Handler.run(MessageHub.java:377)
	at org.gradle.internal.concurrent.ExecutorPolicy$CatchAndRecordFailures.onExecute(ExecutorPolicy.java:54)
	at org.gradle.internal.concurrent.StoppableExecutorImpl$1.run(StoppableExecutorImpl.java:40)
	at java.util.concurrent.ThreadPoolExecutor.runWorker(ThreadPoolExecutor.java:1142)
	at java.util.concurrent.ThreadPoolExecutor$Worker.run(ThreadPoolExecutor.java:617)
	at java.lang.Thread.run(Thread.java:745)
Caused by: java.lang.RuntimeException: Could not find the version: 1.0 for project: Hub-Fortify-Integration-Test3
	at com.blackducksoftware.integration.fortify.batch.step.BlackDuckFortifyPushThread.run(BlackDuckFortifyPushThread.java:157)
	at java.util.concurrent.Executors$RunnableAdapter.call(Executors.java:511)
	at java.util.concurrent.FutureTask.run(FutureTask.java:266)
	... 3 common frames omitted
Caused by: com.blackducksoftware.integration.hub.exception.DoesNotExistException: Could not find the version: 1.0 for project: Hub-Fortify-Integration-Test3
	at com.blackducksoftware.integration.hub.api.project.version.ProjectVersionRequestService.getProjectVersion(ProjectVersionRequestService.java:67)
	at com.blackducksoftware.integration.fortify.batch.util.HubServices.getProjectVersion(HubServices.java:129)
	at com.blackducksoftware.integration.fortify.batch.util.HubServices.getProjectVersion(HubServices.java:77)
	at com.blackducksoftware.integration.fortify.batch.step.BlackDuckFortifyPushThread.run(BlackDuckFortifyPushThread.java:117)
	... 5 common frames omitted
2017-05-26 08:56:11 INFO  c.b.i.f.b.j.BlackDuckFortifyJobConfig:123 - Job completed at::Fri May 26 08:56:11 EDT 2017
2017-05-26 08:56:22 INFO  c.b.i.f.b.u.CSVUtilsTest:48 - Starting CSVUtilsTest on BDS00866.local with PID 51087 (started by blloyd in /Users/blloyd/git/hub-fortify-integration)
2017-05-26 08:56:22 INFO  c.b.i.f.b.u.CSVUtilsTest:637 - No active profile set, falling back to default profiles: default
2017-05-26 08:56:22 INFO  c.b.i.f.b.u.CSVUtilsTest:57 - Started CSVUtilsTest in 10.302 seconds (JVM running for 61.506)
2017-05-26 08:56:22 INFO  c.b.i.f.b.u.MappingParser:95 - Querying fortify name:1.3+and+project.name:Logistics
2017-05-26 08:56:22 INFO  o.OkHttpClient:126 - --> GET http://10.1.0.51:8180/ssc/api/v1/projectVersions?fields=id&q=name:1.3%2Band%2Bproject.name:Logistics http/1.1
2017-05-26 08:56:22 INFO  o.OkHttpClient:126 - <-- 200 OK http://10.1.0.51:8180/ssc/api/v1/projectVersions?fields=id&q=name:1.3%2Band%2Bproject.name:Logistics (206ms, unknown-length body)
2017-05-26 08:56:22 INFO  c.b.i.f.b.u.MappingParser:98 - Fortify Application Found :2
2017-05-26 08:56:22 INFO  c.b.i.f.b.u.MappingParser:95 - Querying fortify name:2.0+and+project.name:Hub-Fortify-Test1
2017-05-26 08:56:22 INFO  o.OkHttpClient:126 - --> GET http://10.1.0.51:8180/ssc/api/v1/projectVersions?fields=id&q=name:2.0%2Band%2Bproject.name:Hub-Fortify-Test1 http/1.1
2017-05-26 08:56:22 INFO  o.OkHttpClient:126 - <-- 200 OK http://10.1.0.51:8180/ssc/api/v1/projectVersions?fields=id&q=name:2.0%2Band%2Bproject.name:Hub-Fortify-Test1 (77ms, unknown-length body)
2017-05-26 08:56:22 INFO  c.b.i.f.b.u.MappingParser:98 - Fortify Application Found :20
2017-05-26 08:56:22 INFO  c.b.i.f.b.u.MappingParser:95 - Querying fortify name:1.0+and+project.name:Hub-Fortify-Test3
2017-05-26 08:56:22 INFO  o.OkHttpClient:126 - --> GET http://10.1.0.51:8180/ssc/api/v1/projectVersions?fields=id&q=name:1.0%2Band%2Bproject.name:Hub-Fortify-Test3 http/1.1
2017-05-26 08:56:22 INFO  o.OkHttpClient:126 - <-- 200 OK http://10.1.0.51:8180/ssc/api/v1/projectVersions?fields=id&q=name:1.0%2Band%2Bproject.name:Hub-Fortify-Test3 (91ms, unknown-length body)
2017-05-26 08:56:22 INFO  c.b.i.f.b.u.MappingParser:98 - Fortify Application Found :24
2017-05-26 08:56:22 INFO  c.b.i.f.b.u.HubServices:75 - Getting Hub project and project version info for::Hub-Fortify-Integration-Test1, 1.0
2017-05-26 08:56:22 INFO  c.b.i.f.b.u.HubServices:112 - Getting Hub project info for::Hub-Fortify-Integration-Test1
2017-05-26 08:56:22 INFO  c.b.i.f.b.u.HubServices:126 - Getting Hub project version info for::1.0
2017-05-26 08:56:22 INFO  c.b.i.f.b.u.HubServices:155 - Getting Hub Vulnerability info
2017-05-26 08:56:23 INFO  c.b.i.f.b.u.HubServices:199 - Getting Hub last BOM updated at
2017-05-26 08:56:23 INFO  c.b.i.f.b.u.MappingParser:95 - Querying fortify name:1.3+and+project.name:Logistics
2017-05-26 08:56:23 INFO  o.OkHttpClient:126 - --> GET http://10.1.0.51:8180/ssc/api/v1/projectVersions?fields=id&q=name:1.3%2Band%2Bproject.name:Logistics http/1.1
2017-05-26 08:56:23 INFO  o.OkHttpClient:126 - <-- 200 OK http://10.1.0.51:8180/ssc/api/v1/projectVersions?fields=id&q=name:1.3%2Band%2Bproject.name:Logistics (67ms, unknown-length body)
2017-05-26 08:56:23 INFO  c.b.i.f.b.u.MappingParser:98 - Fortify Application Found :2
2017-05-26 08:56:23 INFO  c.b.i.f.b.u.MappingParser:95 - Querying fortify name:2.0+and+project.name:Hub-Fortify-Test1
2017-05-26 08:56:23 INFO  o.OkHttpClient:126 - --> GET http://10.1.0.51:8180/ssc/api/v1/projectVersions?fields=id&q=name:2.0%2Band%2Bproject.name:Hub-Fortify-Test1 http/1.1
2017-05-26 08:56:23 INFO  o.OkHttpClient:126 - <-- 200 OK http://10.1.0.51:8180/ssc/api/v1/projectVersions?fields=id&q=name:2.0%2Band%2Bproject.name:Hub-Fortify-Test1 (71ms, unknown-length body)
2017-05-26 08:56:23 INFO  c.b.i.f.b.u.MappingParser:98 - Fortify Application Found :20
2017-05-26 08:56:23 INFO  c.b.i.f.b.u.MappingParser:95 - Querying fortify name:1.0+and+project.name:Hub-Fortify-Test3
2017-05-26 08:56:23 INFO  o.OkHttpClient:126 - --> GET http://10.1.0.51:8180/ssc/api/v1/projectVersions?fields=id&q=name:1.0%2Band%2Bproject.name:Hub-Fortify-Test3 http/1.1
2017-05-26 08:56:23 INFO  o.OkHttpClient:126 - <-- 200 OK http://10.1.0.51:8180/ssc/api/v1/projectVersions?fields=id&q=name:1.0%2Band%2Bproject.name:Hub-Fortify-Test3 (74ms, unknown-length body)
2017-05-26 08:56:23 INFO  c.b.i.f.b.u.MappingParser:98 - Fortify Application Found :24
2017-05-26 08:56:23 INFO  c.b.i.f.b.u.MappingParser:95 - Querying fortify name:1.3+and+project.name:Logistics
2017-05-26 08:56:23 INFO  o.OkHttpClient:126 - --> GET http://10.1.0.51:8180/ssc/api/v1/projectVersions?fields=id&q=name:1.3%2Band%2Bproject.name:Logistics http/1.1
2017-05-26 08:56:23 INFO  o.OkHttpClient:126 - <-- 200 OK http://10.1.0.51:8180/ssc/api/v1/projectVersions?fields=id&q=name:1.3%2Band%2Bproject.name:Logistics (74ms, unknown-length body)
2017-05-26 08:56:23 INFO  c.b.i.f.b.u.MappingParser:98 - Fortify Application Found :2
2017-05-26 08:56:23 INFO  c.b.i.f.b.u.MappingParser:95 - Querying fortify name:2.0+and+project.name:Hub-Fortify-Test1
2017-05-26 08:56:23 INFO  o.OkHttpClient:126 - --> GET http://10.1.0.51:8180/ssc/api/v1/projectVersions?fields=id&q=name:2.0%2Band%2Bproject.name:Hub-Fortify-Test1 http/1.1
2017-05-26 08:56:23 INFO  o.OkHttpClient:126 - <-- 200 OK http://10.1.0.51:8180/ssc/api/v1/projectVersions?fields=id&q=name:2.0%2Band%2Bproject.name:Hub-Fortify-Test1 (101ms, unknown-length body)
2017-05-26 08:56:23 INFO  c.b.i.f.b.u.MappingParser:98 - Fortify Application Found :20
2017-05-26 08:56:23 INFO  c.b.i.f.b.u.MappingParser:95 - Querying fortify name:1.0+and+project.name:Hub-Fortify-Test3
2017-05-26 08:56:23 INFO  o.OkHttpClient:126 - --> GET http://10.1.0.51:8180/ssc/api/v1/projectVersions?fields=id&q=name:1.0%2Band%2Bproject.name:Hub-Fortify-Test3 http/1.1
2017-05-26 08:56:23 INFO  o.OkHttpClient:126 - <-- 200 OK http://10.1.0.51:8180/ssc/api/v1/projectVersions?fields=id&q=name:1.0%2Band%2Bproject.name:Hub-Fortify-Test3 (70ms, unknown-length body)
2017-05-26 08:56:23 INFO  c.b.i.f.b.u.MappingParser:98 - Fortify Application Found :24
2017-05-26 08:56:23 INFO  c.b.i.f.b.u.HubServices:75 - Getting Hub project and project version info for::Solr1, 1.0
2017-05-26 08:56:23 INFO  c.b.i.f.b.u.HubServices:112 - Getting Hub project info for::Solr1
2017-05-26 08:56:24 INFO  c.b.i.f.b.u.MappingParser:95 - Querying fortify name:1.3+and+project.name:Logistics
2017-05-26 08:56:24 INFO  o.OkHttpClient:126 - --> GET http://10.1.0.51:8180/ssc/api/v1/projectVersions?fields=id&q=name:1.3%2Band%2Bproject.name:Logistics http/1.1
2017-05-26 08:56:24 INFO  o.OkHttpClient:126 - <-- 200 OK http://10.1.0.51:8180/ssc/api/v1/projectVersions?fields=id&q=name:1.3%2Band%2Bproject.name:Logistics (77ms, unknown-length body)
2017-05-26 08:56:24 INFO  c.b.i.f.b.u.MappingParser:98 - Fortify Application Found :2
2017-05-26 08:56:24 INFO  c.b.i.f.b.u.MappingParser:95 - Querying fortify name:2.0+and+project.name:Hub-Fortify-Test1
2017-05-26 08:56:24 INFO  o.OkHttpClient:126 - --> GET http://10.1.0.51:8180/ssc/api/v1/projectVersions?fields=id&q=name:2.0%2Band%2Bproject.name:Hub-Fortify-Test1 http/1.1
2017-05-26 08:56:24 INFO  o.OkHttpClient:126 - <-- 200 OK http://10.1.0.51:8180/ssc/api/v1/projectVersions?fields=id&q=name:2.0%2Band%2Bproject.name:Hub-Fortify-Test1 (69ms, unknown-length body)
2017-05-26 08:56:24 INFO  c.b.i.f.b.u.MappingParser:98 - Fortify Application Found :20
2017-05-26 08:56:24 INFO  c.b.i.f.b.u.MappingParser:95 - Querying fortify name:1.0+and+project.name:Hub-Fortify-Test3
2017-05-26 08:56:24 INFO  o.OkHttpClient:126 - --> GET http://10.1.0.51:8180/ssc/api/v1/projectVersions?fields=id&q=name:1.0%2Band%2Bproject.name:Hub-Fortify-Test3 http/1.1
2017-05-26 08:56:24 INFO  o.OkHttpClient:126 - <-- 200 OK http://10.1.0.51:8180/ssc/api/v1/projectVersions?fields=id&q=name:1.0%2Band%2Bproject.name:Hub-Fortify-Test3 (79ms, unknown-length body)
2017-05-26 08:56:24 INFO  c.b.i.f.b.u.MappingParser:98 - Fortify Application Found :24
2017-05-26 08:56:24 INFO  c.b.i.f.b.u.HubServices:112 - Getting Hub project info for::Hub-Fortify-Integration-Test1
2017-05-26 08:56:24 INFO  c.b.i.f.b.u.MappingParser:95 - Querying fortify name:1.3+and+project.name:Logistics
2017-05-26 08:56:24 INFO  o.OkHttpClient:126 - --> GET http://10.1.0.51:8180/ssc/api/v1/projectVersions?fields=id&q=name:1.3%2Band%2Bproject.name:Logistics http/1.1
2017-05-26 08:56:24 INFO  o.OkHttpClient:126 - <-- 200 OK http://10.1.0.51:8180/ssc/api/v1/projectVersions?fields=id&q=name:1.3%2Band%2Bproject.name:Logistics (68ms, unknown-length body)
2017-05-26 08:56:24 INFO  c.b.i.f.b.u.MappingParser:98 - Fortify Application Found :2
2017-05-26 08:56:24 INFO  c.b.i.f.b.u.MappingParser:95 - Querying fortify name:2.0+and+project.name:Hub-Fortify-Test1
2017-05-26 08:56:24 INFO  o.OkHttpClient:126 - --> GET http://10.1.0.51:8180/ssc/api/v1/projectVersions?fields=id&q=name:2.0%2Band%2Bproject.name:Hub-Fortify-Test1 http/1.1
2017-05-26 08:56:24 INFO  o.OkHttpClient:126 - <-- 200 OK http://10.1.0.51:8180/ssc/api/v1/projectVersions?fields=id&q=name:2.0%2Band%2Bproject.name:Hub-Fortify-Test1 (69ms, unknown-length body)
2017-05-26 08:56:24 INFO  c.b.i.f.b.u.MappingParser:98 - Fortify Application Found :20
2017-05-26 08:56:24 INFO  c.b.i.f.b.u.MappingParser:95 - Querying fortify name:1.0+and+project.name:Hub-Fortify-Test3
2017-05-26 08:56:24 INFO  o.OkHttpClient:126 - --> GET http://10.1.0.51:8180/ssc/api/v1/projectVersions?fields=id&q=name:1.0%2Band%2Bproject.name:Hub-Fortify-Test3 http/1.1
2017-05-26 08:56:24 INFO  o.OkHttpClient:126 - <-- 200 OK http://10.1.0.51:8180/ssc/api/v1/projectVersions?fields=id&q=name:1.0%2Band%2Bproject.name:Hub-Fortify-Test3 (77ms, unknown-length body)
2017-05-26 08:56:24 INFO  c.b.i.f.b.u.MappingParser:98 - Fortify Application Found :24
2017-05-26 08:56:24 INFO  c.b.i.f.b.u.HubServices:75 - Getting Hub project and project version info for::Hub-Fortify-Integration-Test1, 1.0
2017-05-26 08:56:24 INFO  c.b.i.f.b.u.HubServices:112 - Getting Hub project info for::Hub-Fortify-Integration-Test1
2017-05-26 08:56:24 INFO  c.b.i.f.b.u.HubServices:126 - Getting Hub project version info for::1.0
2017-05-26 08:56:24 INFO  c.b.i.f.b.u.MappingParser:95 - Querying fortify name:1.3+and+project.name:Logistics
2017-05-26 08:56:24 INFO  o.OkHttpClient:126 - --> GET http://10.1.0.51:8180/ssc/api/v1/projectVersions?fields=id&q=name:1.3%2Band%2Bproject.name:Logistics http/1.1
2017-05-26 08:56:24 INFO  o.OkHttpClient:126 - <-- 200 OK http://10.1.0.51:8180/ssc/api/v1/projectVersions?fields=id&q=name:1.3%2Band%2Bproject.name:Logistics (74ms, unknown-length body)
2017-05-26 08:56:24 INFO  c.b.i.f.b.u.MappingParser:98 - Fortify Application Found :2
2017-05-26 08:56:24 INFO  c.b.i.f.b.u.MappingParser:95 - Querying fortify name:2.0+and+project.name:Hub-Fortify-Test1
2017-05-26 08:56:24 INFO  o.OkHttpClient:126 - --> GET http://10.1.0.51:8180/ssc/api/v1/projectVersions?fields=id&q=name:2.0%2Band%2Bproject.name:Hub-Fortify-Test1 http/1.1
2017-05-26 08:56:24 INFO  o.OkHttpClient:126 - <-- 200 OK http://10.1.0.51:8180/ssc/api/v1/projectVersions?fields=id&q=name:2.0%2Band%2Bproject.name:Hub-Fortify-Test1 (83ms, unknown-length body)
2017-05-26 08:56:24 INFO  c.b.i.f.b.u.MappingParser:98 - Fortify Application Found :20
2017-05-26 08:56:24 INFO  c.b.i.f.b.u.MappingParser:95 - Querying fortify name:1.0+and+project.name:Hub-Fortify-Test3
2017-05-26 08:56:24 INFO  o.OkHttpClient:126 - --> GET http://10.1.0.51:8180/ssc/api/v1/projectVersions?fields=id&q=name:1.0%2Band%2Bproject.name:Hub-Fortify-Test3 http/1.1
2017-05-26 08:56:24 INFO  o.OkHttpClient:126 - <-- 200 OK http://10.1.0.51:8180/ssc/api/v1/projectVersions?fields=id&q=name:1.0%2Band%2Bproject.name:Hub-Fortify-Test3 (74ms, unknown-length body)
2017-05-26 08:56:24 INFO  c.b.i.f.b.u.MappingParser:98 - Fortify Application Found :24
2017-05-26 08:56:24 INFO  c.b.i.f.b.u.HubServices:75 - Getting Hub project and project version info for::Hub-Fortify-Integration-Test1, 3.10
2017-05-26 08:56:24 INFO  c.b.i.f.b.u.HubServices:112 - Getting Hub project info for::Hub-Fortify-Integration-Test1
2017-05-26 08:56:25 INFO  c.b.i.f.b.u.HubServices:126 - Getting Hub project version info for::3.10
2017-05-26 08:56:25 INFO  c.b.i.f.b.u.MappingParser:95 - Querying fortify name:1.3+and+project.name:Logistics
2017-05-26 08:56:25 INFO  o.OkHttpClient:126 - --> GET http://10.1.0.51:8180/ssc/api/v1/projectVersions?fields=id&q=name:1.3%2Band%2Bproject.name:Logistics http/1.1
2017-05-26 08:56:25 INFO  o.OkHttpClient:126 - <-- 200 OK http://10.1.0.51:8180/ssc/api/v1/projectVersions?fields=id&q=name:1.3%2Band%2Bproject.name:Logistics (71ms, unknown-length body)
2017-05-26 08:56:25 INFO  c.b.i.f.b.u.MappingParser:98 - Fortify Application Found :2
2017-05-26 08:56:25 INFO  c.b.i.f.b.u.MappingParser:95 - Querying fortify name:2.0+and+project.name:Hub-Fortify-Test1
2017-05-26 08:56:25 INFO  o.OkHttpClient:126 - --> GET http://10.1.0.51:8180/ssc/api/v1/projectVersions?fields=id&q=name:2.0%2Band%2Bproject.name:Hub-Fortify-Test1 http/1.1
2017-05-26 08:56:25 INFO  o.OkHttpClient:126 - <-- 200 OK http://10.1.0.51:8180/ssc/api/v1/projectVersions?fields=id&q=name:2.0%2Band%2Bproject.name:Hub-Fortify-Test1 (75ms, unknown-length body)
2017-05-26 08:56:25 INFO  c.b.i.f.b.u.MappingParser:98 - Fortify Application Found :20
2017-05-26 08:56:25 INFO  c.b.i.f.b.u.MappingParser:95 - Querying fortify name:1.0+and+project.name:Hub-Fortify-Test3
2017-05-26 08:56:25 INFO  o.OkHttpClient:126 - --> GET http://10.1.0.51:8180/ssc/api/v1/projectVersions?fields=id&q=name:1.0%2Band%2Bproject.name:Hub-Fortify-Test3 http/1.1
2017-05-26 08:56:25 INFO  o.OkHttpClient:126 - <-- 200 OK http://10.1.0.51:8180/ssc/api/v1/projectVersions?fields=id&q=name:1.0%2Band%2Bproject.name:Hub-Fortify-Test3 (74ms, unknown-length body)
2017-05-26 08:56:25 INFO  c.b.i.f.b.u.MappingParser:98 - Fortify Application Found :24
2017-05-26 08:56:25 INFO  c.b.i.f.b.u.HubServices:75 - Getting Hub project and project version info for::Hub-Fortify-Integration-Test1, 1.0
2017-05-26 08:56:25 INFO  c.b.i.f.b.u.HubServices:112 - Getting Hub project info for::Hub-Fortify-Integration-Test1
2017-05-26 08:56:25 INFO  c.b.i.f.b.u.HubServices:126 - Getting Hub project version info for::1.0
2017-05-26 08:56:25 INFO  c.b.i.f.b.u.HubServices:155 - Getting Hub Vulnerability info
2017-05-26 08:56:25 INFO  c.b.i.f.b.u.MappingParser:95 - Querying fortify name:1.3+and+project.name:Logistics
2017-05-26 08:56:25 INFO  o.OkHttpClient:126 - --> GET http://10.1.0.51:8180/ssc/api/v1/projectVersions?fields=id&q=name:1.3%2Band%2Bproject.name:Logistics http/1.1
2017-05-26 08:56:25 INFO  o.OkHttpClient:126 - <-- 200 OK http://10.1.0.51:8180/ssc/api/v1/projectVersions?fields=id&q=name:1.3%2Band%2Bproject.name:Logistics (73ms, unknown-length body)
2017-05-26 08:56:25 INFO  c.b.i.f.b.u.MappingParser:98 - Fortify Application Found :2
2017-05-26 08:56:25 INFO  c.b.i.f.b.u.MappingParser:95 - Querying fortify name:2.0+and+project.name:Hub-Fortify-Test1
2017-05-26 08:56:25 INFO  o.OkHttpClient:126 - --> GET http://10.1.0.51:8180/ssc/api/v1/projectVersions?fields=id&q=name:2.0%2Band%2Bproject.name:Hub-Fortify-Test1 http/1.1
2017-05-26 08:56:25 INFO  o.OkHttpClient:126 - <-- 200 OK http://10.1.0.51:8180/ssc/api/v1/projectVersions?fields=id&q=name:2.0%2Band%2Bproject.name:Hub-Fortify-Test1 (76ms, unknown-length body)
2017-05-26 08:56:25 INFO  c.b.i.f.b.u.MappingParser:98 - Fortify Application Found :20
2017-05-26 08:56:25 INFO  c.b.i.f.b.u.MappingParser:95 - Querying fortify name:1.0+and+project.name:Hub-Fortify-Test3
2017-05-26 08:56:25 INFO  o.OkHttpClient:126 - --> GET http://10.1.0.51:8180/ssc/api/v1/projectVersions?fields=id&q=name:1.0%2Band%2Bproject.name:Hub-Fortify-Test3 http/1.1
2017-05-26 08:56:26 INFO  o.OkHttpClient:126 - <-- 200 OK http://10.1.0.51:8180/ssc/api/v1/projectVersions?fields=id&q=name:1.0%2Band%2Bproject.name:Hub-Fortify-Test3 (88ms, unknown-length body)
2017-05-26 08:56:26 INFO  c.b.i.f.b.u.MappingParser:98 - Fortify Application Found :24
2017-05-26 08:56:26 INFO  c.b.i.f.b.u.HubServices:75 - Getting Hub project and project version info for::Hub-Fortify-Integration-Test1, 1.0
2017-05-26 08:56:26 INFO  c.b.i.f.b.u.HubServices:112 - Getting Hub project info for::Hub-Fortify-Integration-Test1
2017-05-26 08:56:26 INFO  c.b.i.f.b.u.HubServices:126 - Getting Hub project version info for::1.0
2017-05-26 08:56:26 INFO  c.b.i.f.b.u.HubServices:199 - Getting Hub last BOM updated at
2017-05-26 08:56:26 INFO  c.b.i.f.b.u.MappingParser:95 - Querying fortify name:1.3+and+project.name:Logistics
2017-05-26 08:56:26 INFO  o.OkHttpClient:126 - --> GET http://10.1.0.51:8180/ssc/api/v1/projectVersions?fields=id&q=name:1.3%2Band%2Bproject.name:Logistics http/1.1
2017-05-26 08:56:26 INFO  o.OkHttpClient:126 - <-- 200 OK http://10.1.0.51:8180/ssc/api/v1/projectVersions?fields=id&q=name:1.3%2Band%2Bproject.name:Logistics (122ms, unknown-length body)
2017-05-26 08:56:26 INFO  c.b.i.f.b.u.MappingParser:98 - Fortify Application Found :2
2017-05-26 08:56:26 INFO  c.b.i.f.b.u.MappingParser:95 - Querying fortify name:2.0+and+project.name:Hub-Fortify-Test1
2017-05-26 08:56:26 INFO  o.OkHttpClient:126 - --> GET http://10.1.0.51:8180/ssc/api/v1/projectVersions?fields=id&q=name:2.0%2Band%2Bproject.name:Hub-Fortify-Test1 http/1.1
2017-05-26 08:56:26 INFO  o.OkHttpClient:126 - <-- 200 OK http://10.1.0.51:8180/ssc/api/v1/projectVersions?fields=id&q=name:2.0%2Band%2Bproject.name:Hub-Fortify-Test1 (81ms, unknown-length body)
2017-05-26 08:56:26 INFO  c.b.i.f.b.u.MappingParser:98 - Fortify Application Found :20
2017-05-26 08:56:26 INFO  c.b.i.f.b.u.MappingParser:95 - Querying fortify name:1.0+and+project.name:Hub-Fortify-Test3
2017-05-26 08:56:26 INFO  o.OkHttpClient:126 - --> GET http://10.1.0.51:8180/ssc/api/v1/projectVersions?fields=id&q=name:1.0%2Band%2Bproject.name:Hub-Fortify-Test3 http/1.1
2017-05-26 08:56:26 INFO  o.OkHttpClient:126 - <-- 200 OK http://10.1.0.51:8180/ssc/api/v1/projectVersions?fields=id&q=name:1.0%2Band%2Bproject.name:Hub-Fortify-Test3 (74ms, unknown-length body)
2017-05-26 08:56:26 INFO  c.b.i.f.b.u.MappingParser:98 - Fortify Application Found :24
2017-05-26 08:56:37 INFO  c.b.i.f.s.FortifyApplicationVersionApiTest:48 - Starting FortifyApplicationVersionApiTest on BDS00866.local with PID 51087 (started by blloyd in /Users/blloyd/git/hub-fortify-integration)
2017-05-26 08:56:37 INFO  c.b.i.f.s.FortifyApplicationVersionApiTest:637 - No active profile set, falling back to default profiles: default
2017-05-26 08:56:38 INFO  c.b.i.f.s.FortifyApplicationVersionApiTest:57 - Started FortifyApplicationVersionApiTest in 10.866 seconds (JVM running for 77.425)
2017-05-26 08:56:49 INFO  c.b.i.f.s.FortifyFileTokenApiTest:48 - Starting FortifyFileTokenApiTest on BDS00866.local with PID 51087 (started by blloyd in /Users/blloyd/git/hub-fortify-integration)
2017-05-26 08:56:49 INFO  c.b.i.f.s.FortifyFileTokenApiTest:637 - No active profile set, falling back to default profiles: default
2017-05-26 08:56:49 INFO  c.b.i.f.s.FortifyFileTokenApiTest:57 - Started FortifyFileTokenApiTest in 10.845 seconds (JVM running for 88.899)
2017-05-26 08:57:00 INFO  c.b.i.f.s.FortifyUploadApiTest:48 - Starting FortifyUploadApiTest on BDS00866.local with PID 51087 (started by blloyd in /Users/blloyd/git/hub-fortify-integration)
2017-05-26 08:57:00 INFO  c.b.i.f.s.FortifyUploadApiTest:637 - No active profile set, falling back to default profiles: default
2017-05-26 08:57:01 INFO  c.b.i.f.s.FortifyUploadApiTest:57 - Started FortifyUploadApiTest in 11.019 seconds (JVM running for 100.443)
